FAILURE: Build failed with an exception.
* What went wrong:
Could not determine the dependencies of task ':app:mergeReleaseNativeLibs'.
> Could not resolve all dependencies for configuration ':app:releaseRuntimeClasspath'.
   > Could not resolve project :react-native-async-storage_async-storage.
     Required by:
         project :app
      > No matching variant of project :react-native-async-storage_async-storage was found. The consumer was configured to find a library for use during runtime, preferably optimized for Android, as well as attribute 'com.android.build.api.attributes.AgpVersionAttr' with value '8.11.0', attribute 'com.android.build.api.attributes.BuildTypeAttr' with value 'release', attribute 'org.jetbrains.kotlin.platform.type' with value 'androidJvm' but:
          - No variants exist.
   > Could not resolve project :react-native-firebase_app.
     Required by:
         project :app
      > No matching variant of project :react-native-firebase_app was found. The consumer was configured to find a library for use during runtime, preferably optimized for Android, as well as attribute 'com.android.build.api.attributes.AgpVersionAttr' with value '8.11.0', attribute 'com.android.build.api.attributes.BuildTypeAttr' with value 'release', attribute 'org.jetbrains.kotlin.platform.type' with value 'androidJvm' but:
          - No variants exist.
   > Could not resolve project :react-native-firebase_auth.
     Required by:
         project :app
      > No matching variant of project :react-native-firebase_auth was found. The consumer was configured to find a library for use during runtime, preferably optimized for Android, as well as attribute 'com.android.build.api.attributes.AgpVersionAttr' with value '8.11.0', attribute 'com.android.build.api.attributes.BuildTypeAttr' with value 'release', attribute 'org.jetbrains.kotlin.platform.type' with value 'androidJvm' but:
          - No variants exist.
   > Could not resolve project :react-native-firebase_firestore.
     Required by:
         project :app
      > No matching variant of project :react-native-firebase_firestore was found. The consumer was configured to find a library for use during runtime, preferably optimized for Android, as well as attribute 'com.android.build.api.attributes.AgpVersionAttr' with value '8.11.0', attribute 'com.android.build.api.attributes.BuildTypeAttr' with value 'release', attribute 'org.jetbrains.kotlin.platform.type' with value 'androidJvm' but:
          - No variants exist.
   > Could not resolve project :react-native-google-signin_google-signin.
     Required by:
         project :app
      > No matching variant of
Deprecated Gradle features were used in this build, making it incompatible with Gradle 9.0.
You can use '--warning-mode all' to show the individual deprecation warnings and determine if they come from your own scripts or plugins.
For more on this, please refer to https://docs.gradle.org/8.14.3/userguide/command_line_interface.html#sec:command_line_warnings in the Gradle documentation.
28 actionable tasks: 28 executed
project :react-native-google-signin_google-signin was found. The consumer was configured to find a library for use during runtime, preferably optimized for Android, as well as attribute 'com.android.build.api.attributes.AgpVersionAttr' with value '8.11.0', attribute 'com.android.build.api.attributes.BuildTypeAttr' with value 'release', attribute 'org.jetbrains.kotlin.platform.type' with value 'androidJvm' but:
          - No variants exist.
   > Could not resolve project :react-native-reanimated.
     Required by:
         project :app
      > No matching variant of project :react-native-reanimated was found. The consumer was configured to find a library for use during runtime, preferably optimized for Android, as well as attribute 'com.android.build.api.attributes.AgpVersionAttr' with value '8.11.0', attribute 'com.android.build.api.attributes.BuildTypeAttr' with value 'release', attribute 'org.jetbrains.kotlin.platform.type' with value 'androidJvm' but:
          - No variants exist.
   > Could not resolve project :react-native-safe-area-context.
     Required by:
         project :app
      > No matching variant of project :react-native-safe-area-context was found. The consumer was configured to find a library for use during runtime, preferably optimized for Android, as well as attribute 'com.android.build.api.attributes.AgpVersionAttr' with value '8.11.0', attribute 'com.android.build.api.attributes.BuildTypeAttr' with value 'release', attribute 'org.jetbrains.kotlin.platform.type' with value 'androidJvm' but:
          - No variants exist.
   > Could not resolve project :react-native-screens.
     Required by:
         project :app
      > No matching variant of project :react-native-screens was found. The consumer was configured to find a library for use during runtime, preferably optimized for Android, as well as attribute 'com.android.build.api.attributes.AgpVersionAttr' with value '8.11.0', attribute 'com.android.build.api.attributes.BuildTypeAttr' with value 'release', attribute 'org.jetbrains.kotlin.platform.type' with value 'androidJvm' but:
          - No variants exist.
   > Could not resolve project :react-native-svg.
     Required by:
         project :app
      > No matching variant of project :react-native-svg was found. The consumer was configured to find a library for use during runtime, preferably optimized for Android, as well as attribute 'com.android.build.api.attributes.AgpVersionAttr' with value '8.11.0', attribute 'com.android.build.api.attributes.BuildTypeAttr' with value 'release', attribute 'org.jetbrains.kotlin.platform.type' with value 'androidJvm' but:
          - No variants exist.
   > Could not resolve project :react-native-vector-icons.
     Required by:
         project :app
      > No matching variant of project :react-native-vector-icons was found. The consumer was configured to find a library for use during runtime, preferably optimized for Android, as well as attribute 'com.android.build.api.attributes.AgpVersionAttr' with value '8.11.0', attribute 'com.android.build.api.attributes.BuildTypeAttr' with value 'release', attribute 'org.jetbrains.kotlin.platform.type' with value 'androidJvm' but:
          - No variants exist.
   > Could not resolve project :react-native-worklets.
     Required by:
         project :app
      > No matching variant of project :react-native-worklets was found. The consumer was configured to find a library for use during runtime, preferably optimized for Android, as well as attribute 'com.android.build.api.attributes.AgpVersionAttr' with value '8.11.0', attribute 'com.android.build.api.attributes.BuildTypeAttr' with value 'release', attribute 'org.jetbrains.kotlin.platform.type' with value 'androidJvm' but:
          - No variants exist.
* Try:
> Creating consumable variants is explained in more detail at https://docs.gradle.org/8.14.3/userguide/declaring_dependencies.html#sec:resolvable-consumable-configs.
> Review the variant matching algorithm at https://docs.gradle.org/8.14.3/userguide/variant_attributes.html#sec:abm_algorithm.
> Run with --stacktrace option to get the stack trace.
> Run with --info or --debug option to get more log output.
> Run with --scan to get full insights.
> Get more help at https://help.gradle.org.
BUILD FAILED in 1m 35s
Error: Gradle build failed with unknown error. See logs for the "Run gradlew" phase for more information.